# JRE version: OpenJDK Runtime Environment Temurin-21.0.10+7 (21.0.10+7) (build 21.0.10+7-LTS)
# Java VM: OpenJDK 64-Bit Server VM Temurin-21.0.10+7 (21.0.10+7-LTS, mixed mode, sharing, tiered, compressed oops, compressed class ptrs, parallel gc, windows-amd64)
GC Precious Log:
 CardTable entry size: 512
 CPUs: 4 total, 4 available
 Memory: 7886M
 Large Page Support: Disabled
 NUMA Support: Disabled
 Compressed Oops: Enabled (32-bit)
 Alignments: Space 512K, Generation 512K, Heap 2M
 Heap Min Capacity: 100M
 Heap Initial Capacity: 100M
 Heap Max Capacity: 2G
 Pre-touch: Disabled
 Parallel Workers: 4
Heap:
 PSYoungGen      total 25088K, used 19372K [0x00000000d5580000, 0x00000000d7100000, 0x0000000100000000)
  eden space 22016K, 82% used [0x00000000d5580000,0x00000000d673ff18,0x00000000d6b00000)
  from space 3072K, 38% used [0x00000000d6b00000,0x00000000d6c2b260,0x00000000d6e00000)
  to   space 2048K, 0% used [0x00000000d6f00000,0x00000000d6f00000,0x00000000d7100000)
 ParOldGen       total 68608K, used 22563K [0x0000000080000000, 0x0000000084300000, 0x00000000d5580000)
  object space 68608K, 32% used [0x0000000080000000,0x0000000081608d28,0x0000000084300000)
 Metaspace       used 43377K, committed 44544K, reserved 1114112K
  class space    used 4724K, committed 5184K, reserved 1048576K
GC Heap History (20 events):
Event: 8.630 GC heap before
{Heap before GC invocations=10 (full 1):
 PSYoungGen      total 25088K, used 24631K [0x00000000d5580000, 0x00000000d7380000, 0x0000000100000000)
  eden space 24064K, 100% used [0x00000000d5580000,0x00000000d6d00000,0x00000000d6d00000)
  from space 1024K, 55% used [0x00000000d7280000,0x00000000d730dfc8,0x00000000d7380000)
  to   space 2048K, 0% used [0x00000000d6f80000,0x00000000d6f80000,0x00000000d7180000)
 ParOldGen       total 68608K, used 13044K [0x0000000080000000, 0x0000000084300000, 0x00000000d5580000)
  object space 68608K, 19% used [0x0000000080000000,0x0000000080cbd3e0,0x0000000084300000)
 Metaspace       used 26375K, committed 27264K, reserved 1114112K
  class space    used 2600K, committed 2944K, reserved 1048576K
}
Event: 8.632 GC heap after
{Heap after GC invocations=10 (full 1):
 PSYoungGen      total 25600K, used 1633K [0x00000000d5580000, 0x00000000d7300000, 0x0000000100000000)
  eden space 23552K, 0% used [0x00000000d5580000,0x00000000d5580000,0x00000000d6c80000)
  from space 2048K, 79% used [0x00000000d6f80000,0x00000000d71186c0,0x00000000d7180000)
  to   space 1536K, 0% used [0x00000000d7180000,0x00000000d7180000,0x00000000d7300000)
 ParOldGen       total 68608K, used 13834K [0x0000000080000000, 0x0000000084300000, 0x00000000d5580000)
  object space 68608K, 20% used [0x0000000080000000,0x0000000080d828f0,0x0000000084300000)
 Metaspace       used 26375K, committed 27264K, reserved 1114112K
  class space    used 2600K, committed 2944K, reserved 1048576K
}
Event: 9.050 GC heap before
{Heap before GC invocations=11 (full 1):
 PSYoungGen      total 25600K, used 25185K [0x00000000d5580000, 0x00000000d7300000, 0x0000000100000000)
  eden space 23552K, 100% used [0x00000000d5580000,0x00000000d6c80000,0x00000000d6c80000)
  from space 2048K, 79% used [0x00000000d6f80000,0x00000000d71186c0,0x00000000d7180000)
  to   space 1536K, 0% used [0x00000000d7180000,0x00000000d7180000,0x00000000d7300000)
 ParOldGen       total 68608K, used 13834K [0x0000000080000000, 0x0000000084300000, 0x00000000d5580000)
  object space 68608K, 20% used [0x0000000080000000,0x0000000080d828f0,0x0000000084300000)
 Metaspace       used 28718K, committed 29504K, reserved 1114112K
  class space    used 2804K, committed 3136K, reserved 1048576K
}
Event: 9.051 GC heap after
{Heap after GC invocations=11 (full 1):
 PSYoungGen      total 24576K, used 1437K [0x00000000d5580000, 0x00000000d7300000, 0x0000000100000000)
  eden space 23040K, 0% used [0x00000000d5580000,0x00000000d5580000,0x00000000d6c00000)
  from space 1536K, 93% used [0x00000000d7180000,0x00000000d72e7488,0x00000000d7300000)
  to   space 1536K, 0% used [0x00000000d7000000,0x00000000d7000000,0x00000000d7180000)
 ParOldGen       total 68608K, used 15055K [0x0000000080000000, 0x0000000084300000, 0x00000000d5580000)
  object space 68608K, 21% used [0x0000000080000000,0x0000000080eb3d80,0x0000000084300000)
 Metaspace       used 28718K, committed 29504K, reserved 1114112K
  class space    used 2804K, committed 3136K, reserved 1048576K
}
Event: 9.383 GC heap before
{Heap before GC invocations=12 (full 1):
 PSYoungGen      total 24576K, used 24477K [0x00000000d5580000, 0x00000000d7300000, 0x0000000100000000)
  eden space 23040K, 100% used [0x00000000d5580000,0x00000000d6c00000,0x00000000d6c00000)
  from space 1536K, 93% used [0x00000000d7180000,0x00000000d72e7488,0x00000000d7300000)
  to   space 1536K, 0% used [0x00000000d7000000,0x00000000d7000000,0x00000000d7180000)
 ParOldGen       total 68608K, used 15055K [0x0000000080000000, 0x0000000084300000, 0x00000000d5580000)
  object space 68608K, 21% used [0x0000000080000000,0x0000000080eb3d80,0x0000000084300000)
 Metaspace       used 31662K, committed 32704K, reserved 1114112K
  class space    used 3188K, committed 3648K, reserved 1048576K
}
Event: 9.387 GC heap after
{Heap after GC invocations=12 (full 1):
 PSYoungGen      total 24064K, used 1442K [0x00000000d5580000, 0x00000000d7200000, 0x0000000100000000)
  eden space 22528K, 0% used [0x00000000d5580000,0x00000000d5580000,0x00000000d6b80000)
  from space 1536K, 93% used [0x00000000d7000000,0x00000000d71689b8,0x00000000d7180000)
  to   space 512K, 0% used [0x00000000d7180000,0x00000000d7180000,0x00000000d7200000)
 ParOldGen       total 68608K, used 16397K [0x0000000080000000, 0x0000000084300000, 0x00000000d5580000)
  object space 68608K, 23% used [0x0000000080000000,0x0000000081003438,0x0000000084300000)
 Metaspace       used 31662K, committed 32704K, reserved 1114112K
  class space    used 3188K, committed 3648K, reserved 1048576K
}
Event: 9.740 GC heap before
{Heap before GC invocations=13 (full 1):
 PSYoungGen      total 24064K, used 23969K [0x00000000d5580000, 0x00000000d7200000, 0x0000000100000000)
  eden space 22528K, 99% used [0x00000000d5580000,0x00000000d6b7fe40,0x00000000d6b80000)
  from space 1536K, 93% used [0x00000000d7000000,0x00000000d71689b8,0x00000000d7180000)
  to   space 512K, 0% used [0x00000000d7180000,0x00000000d7180000,0x00000000d7200000)
 ParOldGen       total 68608K, used 16397K [0x0000000080000000, 0x0000000084300000, 0x00000000d5580000)
  object space 68608K, 23% used [0x0000000080000000,0x0000000081003438,0x0000000084300000)
 Metaspace       used 34575K, committed 35648K, reserved 1114112K
  class space    used 3576K, committed 4032K, reserved 1048576K
}
Event: 9.745 GC heap after
{Heap after GC invocations=13 (full 1):
 PSYoungGen      total 22528K, used 512K [0x00000000d5580000, 0x00000000d7200000, 0x0000000100000000)
  eden space 22016K, 0% used [0x00000000d5580000,0x00000000d5580000,0x00000000d6b00000)
  from space 512K, 100% used [0x00000000d7180000,0x00000000d7200000,0x00000000d7200000)
  to   space 3584K, 0% used [0x00000000d6b00000,0x00000000d6b00000,0x00000000d6e80000)
 ParOldGen       total 68608K, used 18888K [0x0000000080000000, 0x0000000084300000, 0x00000000d5580000)
  object space 68608K, 27% used [0x0000000080000000,0x0000000081272370,0x0000000084300000)
 Metaspace       used 34575K, committed 35648K, reserved 1114112K
  class space    used 3576K, committed 4032K, reserved 1048576K
}
Event: 9.760 GC heap before
{Heap before GC invocations=14 (full 1):
 PSYoungGen      total 22528K, used 2022K [0x00000000d5580000, 0x00000000d7200000, 0x0000000100000000)
  eden space 22016K, 6% used [0x00000000d5580000,0x00000000d56f9b58,0x00000000d6b00000)
  from space 512K, 100% used [0x00000000d7180000,0x00000000d7200000,0x00000000d7200000)
  to   space 3584K, 0% used [0x00000000d6b00000,0x00000000d6b00000,0x00000000d6e80000)
 ParOldGen       total 68608K, used 18888K [0x0000000080000000, 0x0000000084300000, 0x00000000d5580000)
  object space 68608K, 27% used [0x0000000080000000,0x0000000081272370,0x0000000084300000)
 Metaspace       used 34728K, committed 35840K, reserved 1114112K
  class space    used 3597K, committed 4032K, reserved 1048576K
}
Event: 9.763 GC heap after
{Heap after GC invocations=14 (full 1):
 PSYoungGen      total 25600K, used 96K [0x00000000d5580000, 0x00000000d7200000, 0x0000000100000000)
  eden space 22016K, 0% used [0x00000000d5580000,0x00000000d5580000,0x00000000d6b00000)
  from space 3584K, 2% used [0x00000000d6b00000,0x00000000d6b18000,0x00000000d6e80000)
  to   space 1536K, 0% used [0x00000000d7080000,0x00000000d7080000,0x00000000d7200000)
 ParOldGen       total 68608K, used 19416K [0x0000000080000000, 0x0000000084300000, 0x00000000d5580000)
  object space 68608K, 28% used [0x0000000080000000,0x00000000812f6370,0x0000000084300000)
 Metaspace       used 34728K, committed 35840K, reserved 1114112K
  class space    used 3597K, committed 4032K, reserved 1048576K
}
Event: 9.763 GC heap before
{Heap before GC invocations=15 (full 2):
 PSYoungGen      total 25600K, used 96K [0x00000000d5580000, 0x00000000d7200000, 0x0000000100000000)
  eden space 22016K, 0% used [0x00000000d5580000,0x00000000d5580000,0x00000000d6b00000)
  from space 3584K, 2% used [0x00000000d6b00000,0x00000000d6b18000,0x00000000d6e80000)
  to   space 1536K, 0% used [0x00000000d7080000,0x00000000d7080000,0x00000000d7200000)
 ParOldGen       total 68608K, used 19416K [0x0000000080000000, 0x0000000084300000, 0x00000000d5580000)
  object space 68608K, 28% used [0x0000000080000000,0x00000000812f6370,0x0000000084300000)
 Metaspace       used 34728K, committed 35840K, reserved 1114112K
  class space    used 3597K, committed 4032K, reserved 1048576K
}
Event: 9.811 GC heap after
{Heap after GC invocations=15 (full 2):
 PSYoungGen      total 25600K, used 0K [0x00000000d5580000, 0x00000000d7200000, 0x0000000100000000)
  eden space 22016K, 0% used [0x00000000d5580000,0x00000000d5580000,0x00000000d6b00000)
  from space 3584K, 0% used [0x00000000d6b00000,0x00000000d6b00000,0x00000000d6e80000)
  to   space 1536K, 0% used [0x00000000d7080000,0x00000000d7080000,0x00000000d7200000)
 ParOldGen       total 68608K, used 18878K [0x0000000080000000, 0x0000000084300000, 0x00000000d5580000)
  object space 68608K, 27% used [0x0000000080000000,0x000000008126fa80,0x0000000084300000)
 Metaspace       used 34718K, committed 35840K, reserved 1114112K
  class space    used 3594K, committed 4032K, reserved 1048576K
}
Event: 10.670 GC heap before
{Heap before GC invocations=16 (full 2):
 PSYoungGen      total 25600K, used 22016K [0x00000000d5580000, 0x00000000d7200000, 0x0000000100000000)
  eden space 22016K, 100% used [0x00000000d5580000,0x00000000d6b00000,0x00000000d6b00000)
  from space 3584K, 0% used [0x00000000d6b00000,0x00000000d6b00000,0x00000000d6e80000)
  to   space 1536K, 0% used [0x00000000d7080000,0x00000000d7080000,0x00000000d7200000)
 ParOldGen       total 68608K, used 18878K [0x0000000080000000, 0x0000000084300000, 0x00000000d5580000)
  object space 68608K, 27% used [0x0000000080000000,0x000000008126fa80,0x0000000084300000)
 Metaspace       used 36588K, committed 37696K, reserved 1114112K
  class space    used 3842K, committed 4288K, reserved 1048576K
}
Event: 10.672 GC heap after
{Heap after GC invocations=16 (full 2):
 PSYoungGen      total 23552K, used 1120K [0x00000000d5580000, 0x00000000d7200000, 0x0000000100000000)
  eden space 22016K, 0% used [0x00000000d5580000,0x00000000d5580000,0x00000000d6b00000)
  from space 1536K, 72% used [0x00000000d7080000,0x00000000d7198000,0x00000000d7200000)
  to   space 1536K, 0% used [0x00000000d6f00000,0x00000000d6f00000,0x00000000d7080000)
 ParOldGen       total 68608K, used 18886K [0x0000000080000000, 0x0000000084300000, 0x00000000d5580000)
  object space 68608K, 27% used [0x0000000080000000,0x0000000081271a80,0x0000000084300000)
 Metaspace       used 36588K, committed 37696K, reserved 1114112K
  class space    used 3842K, committed 4288K, reserved 1048576K
}
Event: 11.339 GC heap before
{Heap before GC invocations=17 (full 2):
 PSYoungGen      total 23552K, used 23118K [0x00000000d5580000, 0x00000000d7200000, 0x0000000100000000)
  eden space 22016K, 99% used [0x00000000d5580000,0x00000000d6afbb00,0x00000000d6b00000)
  from space 1536K, 72% used [0x00000000d7080000,0x00000000d7198000,0x00000000d7200000)
  to   space 1536K, 0% used [0x00000000d6f00000,0x00000000d6f00000,0x00000000d7080000)
 ParOldGen       total 68608K, used 18886K [0x0000000080000000, 0x0000000084300000, 0x00000000d5580000)
  object space 68608K, 27% used [0x0000000080000000,0x0000000081271a80,0x0000000084300000)
 Metaspace       used 37561K, committed 38656K, reserved 1114112K
  class space    used 3959K, committed 4416K, reserved 1048576K
}
Event: 11.342 GC heap after
{Heap after GC invocations=17 (full 2):
 PSYoungGen      total 23552K, used 1517K [0x00000000d5580000, 0x00000000d7100000, 0x0000000100000000)
  eden space 22016K, 0% used [0x00000000d5580000,0x00000000d5580000,0x00000000d6b00000)
  from space 1536K, 98% used [0x00000000d6f00000,0x00000000d707b758,0x00000000d7080000)
  to   space 512K, 0% used [0x00000000d7080000,0x00000000d7080000,0x00000000d7100000)
 ParOldGen       total 68608K, used 19998K [0x0000000080000000, 0x0000000084300000, 0x00000000d5580000)
  object space 68608K, 29% used [0x0000000080000000,0x0000000081387ab0,0x0000000084300000)
 Metaspace       used 37561K, committed 38656K, reserved 1114112K
  class space    used 3959K, committed 4416K, reserved 1048576K
}
Event: 12.364 GC heap before
{Heap before GC invocations=18 (full 2):
 PSYoungGen      total 23552K, used 23533K [0x00000000d5580000, 0x00000000d7100000, 0x0000000100000000)
  eden space 22016K, 100% used [0x00000000d5580000,0x00000000d6b00000,0x00000000d6b00000)
  from space 1536K, 98% used [0x00000000d6f00000,0x00000000d707b758,0x00000000d7080000)
  to   space 512K, 0% used [0x00000000d7080000,0x00000000d7080000,0x00000000d7100000)
 ParOldGen       total 68608K, used 19998K [0x0000000080000000, 0x0000000084300000, 0x00000000d5580000)
  object space 68608K, 29% used [0x0000000080000000,0x0000000081387ab0,0x0000000084300000)
 Metaspace       used 38960K, committed 40064K, reserved 1114112K
  class space    used 4131K, committed 4608K, reserved 1048576K
}
Event: 12.366 GC heap after
{Heap after GC invocations=18 (full 2):
 PSYoungGen      total 22528K, used 484K [0x00000000d5580000, 0x00000000d7100000, 0x0000000100000000)
  eden space 22016K, 0% used [0x00000000d5580000,0x00000000d5580000,0x00000000d6b00000)
  from space 512K, 94% used [0x00000000d7080000,0x00000000d70f9278,0x00000000d7100000)
  to   space 3072K, 0% used [0x00000000d6b00000,0x00000000d6b00000,0x00000000d6e00000)
 ParOldGen       total 68608K, used 22110K [0x0000000080000000, 0x0000000084300000, 0x00000000d5580000)
  object space 68608K, 32% used [0x0000000080000000,0x0000000081597ab0,0x0000000084300000)
 Metaspace       used 38960K, committed 40064K, reserved 1114112K
  class space    used 4131K, committed 4608K, reserved 1048576K
}
Event: 12.924 GC heap before
{Heap before GC invocations=19 (full 2):
 PSYoungGen      total 22528K, used 22500K [0x00000000d5580000, 0x00000000d7100000, 0x0000000100000000)
  eden space 22016K, 100% used [0x00000000d5580000,0x00000000d6b00000,0x00000000d6b00000)
  from space 512K, 94% used [0x00000000d7080000,0x00000000d70f9278,0x00000000d7100000)
  to   space 3072K, 0% used [0x00000000d6b00000,0x00000000d6b00000,0x00000000d6e00000)
 ParOldGen       total 68608K, used 22110K [0x0000000080000000, 0x0000000084300000, 0x00000000d5580000)
  object space 68608K, 32% used [0x0000000080000000,0x0000000081597ab0,0x0000000084300000)
 Metaspace       used 41360K, committed 42496K, reserved 1114112K
  class space    used 4443K, committed 4928K, reserved 1048576K
}
Event: 12.926 GC heap after
{Heap after GC invocations=19 (full 2):
 PSYoungGen      total 25088K, used 1196K [0x00000000d5580000, 0x00000000d7100000, 0x0000000100000000)
  eden space 22016K, 0% used [0x00000000d5580000,0x00000000d5580000,0x00000000d6b00000)
  from space 3072K, 38% used [0x00000000d6b00000,0x00000000d6c2b260,0x00000000d6e00000)
  to   space 2048K, 0% used [0x00000000d6f00000,0x00000000d6f00000,0x00000000d7100000)
 ParOldGen       total 68608K, used 22563K [0x0000000080000000, 0x0000000084300000, 0x00000000d5580000)
  object space 68608K, 32% used [0x0000000080000000,0x0000000081608d28,0x0000000084300000)
 Metaspace       used 41360K, committed 42496K, reserved 1114112K
  class space    used 4443K, committed 4928K, reserved 1048576K
}

